Arguments: 
  /usr/bin/node /usr/share/yarn/bin/yarn.js dev

PATH: 
  /home/matheusfcorreia/.zinit/polaris/bin:/home/matheusfcorreia/.poetry/bin:/home/matheusfcorreia/.local/bin:/usr/local/sbin:/usr/local/bin:/usr/sbin:/usr/bin:/sbin:/bin:/usr/games:/usr/local/games:/snap/bin:/opt/yarn-1.22.4/bin:/home/matheusfcorreia/.yarn/bin:/usr/lib/oracle/19.8/client64:/home/matheusfcorreia/Android/Sdk/emulator:/home/matheusfcorreia/Android/Sdk/tools:/home/matheusfcorreia/Android/Sdk/tools/bin:/home/matheusfcorreia/Android/Sdk/platform-tools:/home/matheusfcorreia/android-studio/bin

Yarn version: 
  1.22.5

Node version: 
  10.19.0

Platform: 
  linux x64

Trace: 
  SyntaxError: /home/matheusfcorreia/Desktop/portal-embarcador/packages/backend/package.json: Unexpected token } in JSON at position 346
      at JSON.parse (<anonymous>)
      at /usr/share/yarn/lib/cli.js:1625:59
      at Generator.next (<anonymous>)
      at step (/usr/share/yarn/lib/cli.js:310:30)
      at /usr/share/yarn/lib/cli.js:321:13

npm manifest: 
  {
    "name": "@portal-embarcador/backend",
    "version": "1.0.0",
    "private": true,
    "main": "./src/server.js",
    "scripts": {
      "dev": "docker-compose -f docker/docker-compose.yaml -f docker/docker-compose-dev.yaml up --build",
      "build": "pm2-runtime ecosystem.config.js --env production",
      "start": "pm2-runtime ecosystem.config.js",
    },
    "keywords": [],
    "author": "",
    "license": "ISC",
    "homepage": "https://bitbucket.org/souza-softcenter/softcenter-api#readme",
    "dependencies": {
      "async": "^3.1.0",
      "axios": "^0.19.2",
      "cors": "^2.8.5",
      "express": "^4.17.1",
      "mongoose": "^5.6.9",
      "body-parser": "^1.19.0",
      "fs-readdir-recursive": "^1.1.0",
      "mongoose-aggregate-paginate-v2": "^1.0.31",
      "mongoose-paginate-v2": "^1.3.1",
      "request": "^2.88.2"
    },
    "devDependencies": {
      "@commitlint/cli": "^9.1.1",
      "@commitlint/config-conventional": "^9.1.1",
      "babel-eslint": "10.0.3",
      "eslint": "^6.7.1",
      "eslint-config-prettier": "^6.10.1",
      "eslint-plugin-jest": "^22.17.0",
      "eslint-plugin-prettier": "^3.1.3",
      "husky": "^4.2.5",
      "prettier": "^2.0.4"
    }
  }

yarn manifest: 
  No manifest

Lockfile: 
  No lockfile
